[debug] [2025-01-15T05:40:05.748Z] ----------------------------------------------------------------------
[debug] [2025-01-15T05:40:05.749Z] Command:       /home/wsl/.nvm/versions/node/v22.13.0/bin/node /home/wsl/.local/share/pnpm/global/5/.pnpm/firebase-tools@13.29.1_encoding@0.1.13/node_modules/firebase-tools/lib/bin/firebase.js init
[debug] [2025-01-15T05:40:05.749Z] CLI Version:   13.29.1
[debug] [2025-01-15T05:40:05.750Z] Platform:      linux
[debug] [2025-01-15T05:40:05.750Z] Node Version:  v22.13.0
[debug] [2025-01-15T05:40:05.750Z] Time:          Wed Jan 15 2025 14:40:05 GMT+0900 (Korean Standard Time)
[debug] [2025-01-15T05:40:05.750Z] ----------------------------------------------------------------------
[debug] 
[debug] [2025-01-15T05:40:05.777Z] > command requires scopes: ["email","openid","https://www.googleapis.com/auth/cloudplatformprojects.readonly","https://www.googleapis.com/auth/firebase","https://www.googleapis.com/auth/cloud-platform"]
[debug] [2025-01-15T05:40:05.777Z] > authorizing via signed-in user (kanghr990106@gmail.com)
[info] 
     ######## #### ########  ######## ########     ###     ######  ########
     ##        ##  ##     ## ##       ##     ##  ##   ##  ##       ##
     ######    ##  ########  ######   ########  #########  ######  ######
     ##        ##  ##    ##  ##       ##     ## ##     ##       ## ##
     ##       #### ##     ## ######## ########  ##     ##  ######  ########

You're about to initialize a Firebase project in this directory:

  /home/wsl/code/stundrg.github.io

Before we get started, keep in mind:

  * You are initializing within an existing Firebase project directory

